1768672738,,,/run/media/dunkan/KINGSTON1/Spring/02_Практика/День 1. Решение задач..mkv,110
1768677976,,,/run/media/dunkan/KINGSTON1/Spring/02_Практика/День 7 Решение задач.mkv,108
1768679395,,,/run/media/dunkan/KINGSTON1/Spring/02_Практика/День 7 Решение задач.mkv,108
1768679552,,,/run/media/dunkan/KINGSTON1/Spring/02_Практика/День 7 Решение задач.mkv,108
1768679554,,,/run/media/dunkan/KINGSTON1/Spring/02_Практика/День 8 Решение задач.mkv,108
1768679560,,,/run/media/dunkan/KINGSTON1/Spring/02_Практика/День 9 Решение задач.mkv,108
1768679566,,,/run/media/dunkan/KINGSTON1/Spring/02_Практика/День 8 Решение задач.mkv,108
1768679568,,,/run/media/dunkan/KINGSTON1/Spring/02_Практика/День 7 Решение задач.mkv,108
1768679571,,,/run/media/dunkan/KINGSTON1/Spring/02_Практика/День 8 Решение задач.mkv,108
1768683657,,,/run/media/dunkan/KINGSTON1/Spring/02_Практика/День 9 Решение задач.mkv,108
1768683668,,,/run/media/dunkan/KINGSTON1/Spring/02_Практика/День 8 Решение задач.mkv,108
1768731200,,,/run/media/dunkan/KINGSTON1/Spring/02_Практика/День 8 Решение задач.mkv,108
1768731235,,,/run/media/dunkan/KINGSTON1/Spring/02_Практика/День 9 Решение задач.mkv,108
1768731414,,,/run/media/dunkan/KINGSTON1/Spring/02_Практика/День 9 Решение задач.mkv,108
1769372485,,,/run/media/dunkan/KINGSTON1/Spring/02_Практика/День 9 Решение задач.mkv,108
1769372918,,,/run/media/dunkan/KINGSTON1/Spring/02_Практика/День 7 Решение задач.mkv,108
1769372931,,,/run/media/dunkan/KINGSTON1/Spring/02_Практика/День 8 Решение задач.mkv,108
1769372934,,,/run/media/dunkan/KINGSTON1/Spring/02_Практика/День 9 Решение задач.mkv,108
1769372938,,,/run/media/dunkan/KINGSTON1/Spring/02_Практика/День 11 Решение задач.mkv,109
1769372943,,,/run/media/dunkan/KINGSTON1/Spring/02_Практика/День 9 Решение задач.mkv,108
1769372954,,,/run/media/dunkan/KINGSTON1/Spring/02_Практика/День 11 Решение задач.mkv,109
1769889835,,,/run/media/dunkan/KINGSTON1/Spring/02_Практика/День 11 Решение задач.mkv,109
1769894298,,,/run/media/dunkan/KINGSTON1/Spring/02_Практика/День 12 Решение задач.mkv,109
1769969822,,,/run/media/dunkan/KINGSTON1/Spring/02_Практика/День 12 Решение задач.mkv,109
1770574502,,,/run/media/dunkan/KINGSTON1/Spring/02_Практика/День 12 Решение задач.mkv,109
1770574534,,,/run/media/dunkan/KINGSTON1/Spring/02_Практика/День 12 Решение задач.mkv,109
1770574600,,,/run/media/dunkan/KINGSTON1/Spring/02_Практика/День 12 Решение задач.mkv,109
1771165439,,,/run/media/dunkan/KINGSTON1/Spring/02_Практика/День 1. Решение задач..mkv,110
1771165451,,,/run/media/dunkan/KINGSTON1/Spring/02_Практика/День 11 Решение задач.mkv,109
1771165455,,,/run/media/dunkan/KINGSTON1/Spring/02_Практика/День 12 Решение задач.mkv,109
1771165701,,,/run/media/dunkan/KINGSTON1/Spring/02_Практика/День 12 Решение задач.mkv,109
1771167220,,,/run/media/dunkan/KINGSTON1/Spring/02_Практика/День 1. Решение задач..mkv,110
1771167245,,,/run/media/dunkan/KINGSTON1/Spring/02_Практика/День 12 Решение задач.mkv,109
1771168356,,,/run/media/dunkan/KINGSTON1/Spring/02_Практика/День 13 Решение задач.mkv,109
1773780339,,,/run/media/dunkan/KINGSTON1/Spring/02_Практика/День 1. Решение задач..mkv,110
1773780420,,,/run/media/dunkan/KINGSTON1/Spring/02_Практика/День 13 Решение задач.mkv,109
1773780692,,,/run/media/dunkan/KINGSTON1/Spring/02_Практика/День 1. Решение задач..mkv,110
1773780746,,,/run/media/dunkan/KINGSTON1/Spring/02_Практика/День 1. Решение задач..mkv,110
1773780781,,,/run/media/dunkan/KINGSTON1/Spring/02_Практика/День 1. Решение задач..mkv,110
1773780811,,,/run/media/dunkan/KINGSTON1/Spring/02_Практика/День 1. Решение задач..mkv,110
1773780853,,,/run/media/dunkan/KINGSTON1/Spring/02_Практика/День 1. Решение задач..mkv,110
1773781119,,,/run/media/dunkan/KINGSTON1/Spring/02_Практика/День 1. Решение задач..mkv,110
1773781140,,,/run/media/dunkan/KINGSTON1/Spring/02_Практика/День 13 Решение задач.mkv,109
1773783237,,,/run/media/dunkan/KINGSTON1/Spring/02_Практика/День 14 Решение задач.mkv,109
1773783244,,,/run/media/dunkan/KINGSTON1/Spring/02_Практика/День 13 Решение задач.mkv,109
1774046614,,,/run/media/dunkan/KINGSTON/Spring/02_Практика/День 1. Решение задач..mkv,109
